2016/04/13 12:03:03 [error] [exception.CHttpException.404] exception 'CHttpException' with message 'Невозможно обработать запрос "modal/order/index.html".' in /home/u50933/td-interstroy.ru/www/frmk/web/CWebApplication.php:286
Stack trace:
#0 /home/u50933/td-interstroy.ru/www/frmk/web/CWebApplication.php(141): CWebApplication->runController('modal/order/ind...')
#1 /home/u50933/td-interstroy.ru/www/frmk/base/CApplication.php(184): CWebApplication->processRequest()
#2 /home/u50933/td-interstroy.ru/www/index.php(13): CApplication->run()
#3 {main}
REQUEST_URI=/modal/order/index.html
---
2016/05/25 16:20:15 [error] [exception.CHttpException.404] exception 'CHttpException' with message 'Невозможно обработать запрос "f3ef06179a90.htm".' in /home/u50933/td-interstroy.ru/www/frmk/web/CWebApplication.php:286
Stack trace:
#0 /home/u50933/td-interstroy.ru/www/frmk/web/CWebApplication.php(141): CWebApplication->runController('f3ef06179a90.ht...')
#1 /home/u50933/td-interstroy.ru/www/frmk/base/CApplication.php(184): CWebApplication->processRequest()
#2 /home/u50933/td-interstroy.ru/www/index.php(13): CApplication->run()
#3 {main}
REQUEST_URI=/f3ef06179a90.htm
---
2016/05/25 16:20:15 [error] [exception.CHttpException.404] exception 'CHttpException' with message 'Невозможно обработать запрос "f3ef06179a90.htm".' in /home/u50933/td-interstroy.ru/www/frmk/web/CWebApplication.php:286
Stack trace:
#0 /home/u50933/td-interstroy.ru/www/frmk/web/CWebApplication.php(141): CWebApplication->runController('f3ef06179a90.ht...')
#1 /home/u50933/td-interstroy.ru/www/frmk/base/CApplication.php(184): CWebApplication->processRequest()
#2 /home/u50933/td-interstroy.ru/www/index.php(13): CApplication->run()
#3 {main}
REQUEST_URI=/f3ef06179a90.htm
---
2016/05/25 16:20:16 [error] [exception.CHttpException.404] exception 'CHttpException' with message 'Невозможно обработать запрос "f3ef06179a90.htm".' in /home/u50933/td-interstroy.ru/www/frmk/web/CWebApplication.php:286
Stack trace:
#0 /home/u50933/td-interstroy.ru/www/frmk/web/CWebApplication.php(141): CWebApplication->runController('f3ef06179a90.ht...')
#1 /home/u50933/td-interstroy.ru/www/frmk/base/CApplication.php(184): CWebApplication->processRequest()
#2 /home/u50933/td-interstroy.ru/www/index.php(13): CApplication->run()
#3 {main}
REQUEST_URI=/f3ef06179a90.htm
---
2016/05/25 16:20:16 [error] [exception.CHttpException.404] exception 'CHttpException' with message 'Невозможно обработать запрос "f3ef06179a90.htm".' in /home/u50933/td-interstroy.ru/www/frmk/web/CWebApplication.php:286
Stack trace:
#0 /home/u50933/td-interstroy.ru/www/frmk/web/CWebApplication.php(141): CWebApplication->runController('f3ef06179a90.ht...')
#1 /home/u50933/td-interstroy.ru/www/frmk/base/CApplication.php(184): CWebApplication->processRequest()
#2 /home/u50933/td-interstroy.ru/www/index.php(13): CApplication->run()
#3 {main}
REQUEST_URI=/f3ef06179a90.htm
---
2016/05/26 15:05:38 [error] [exception.phpmailerException] exception 'phpmailerException' with message 'SMTP Error: Could not authenticate.' in /home/u50933/td-interstroy.ru/www/protected/extensions/phpmailer/class.phpmailer.php:814
Stack trace:
#0 /home/u50933/td-interstroy.ru/www/protected/extensions/phpmailer/class.phpmailer.php(705): PHPMailer->SmtpConnect()
#1 /home/u50933/td-interstroy.ru/www/protected/extensions/phpmailer/class.phpmailer.php(576): PHPMailer->SmtpSend('Date: Thu, 26 M...', 'dfgfghfgh\n\n\xD0\x98\xD0\xBC...')
#2 /home/u50933/td-interstroy.ru/www/protected/components/Functions.php(112): PHPMailer->Send()
#3 /home/u50933/td-interstroy.ru/www/protected/controllers/SiteController.php(148): Functions::sendEmail('test', 'test@test.ru', 'admin@td-inters...', '\xD0\x9F\xD0\xB8\xD1\x81\xD1\x8C\xD0\xBC\xD0\xBE \xD1\x81...', 'dfgfghfgh\r\n\r\n\xD0\x98...')
#4 /home/u50933/td-interstroy.ru/www/frmk/web/actions/CInlineAction.php(49): SiteController->actionContact()
#5 /home/u50933/td-interstroy.ru/www/frmk/web/CController.php(308): CInlineAction->runWithParams(Array)
#6 /home/u50933/td-interstroy.ru/www/frmk/web/CController.php(286): CController->runAction(Object(CInlineAction))
#7 /home/u50933/td-interstroy.ru/www/frmk/web/CController.php(265): CController->runActionWithFilters(Object(CInlineAction), Array)
#8 /home/u50933/td-interstroy.ru/www/frmk/web/CWebApplication.php(282): CController->run('contact')
#9 /home/u50933/td-interstroy.ru/www/frmk/web/CWebApplication.php(141): CWebApplication->runController('site/contact')
#10 /home/u50933/td-interstroy.ru/www/frmk/base/CApplication.php(184): CWebApplication->processRequest()
#11 /home/u50933/td-interstroy.ru/www/index.php(13): CApplication->run()
#12 {main}
REQUEST_URI=/contacts
HTTP_REFERER=http://td-interstroy.ru/contacts
---
2016/05/26 15:15:57 [error] [exception.phpmailerException] exception 'phpmailerException' with message 'Language string failed to load: tls' in /home/u50933/td-interstroy.ru/www/protected/extensions/phpmailer/class.phpmailer.php:804
Stack trace:
#0 /home/u50933/td-interstroy.ru/www/protected/extensions/phpmailer/class.phpmailer.php(705): PHPMailer->SmtpConnect()
#1 /home/u50933/td-interstroy.ru/www/protected/extensions/phpmailer/class.phpmailer.php(576): PHPMailer->SmtpSend('Date: Thu, 26 M...', 'werwefsdf sdfsd...')
#2 /home/u50933/td-interstroy.ru/www/protected/components/Functions.php(112): PHPMailer->Send()
#3 /home/u50933/td-interstroy.ru/www/protected/controllers/SiteController.php(148): Functions::sendEmail('\xD0\x9D\xD0\xB8\xD0\xBA\xD0\xBE\xD0\xBB\xD0\xB0\xD0\xB9', 'test@test.ru', 'admin@td-inters...', '\xD0\x9F\xD0\xB8\xD1\x81\xD1\x8C\xD0\xBC\xD0\xBE \xD1\x81...', 'werwefsdf sdfsd...')
#4 /home/u50933/td-interstroy.ru/www/frmk/web/actions/CInlineAction.php(49): SiteController->actionContact()
#5 /home/u50933/td-interstroy.ru/www/frmk/web/CController.php(308): CInlineAction->runWithParams(Array)
#6 /home/u50933/td-interstroy.ru/www/frmk/web/CController.php(286): CController->runAction(Object(CInlineAction))
#7 /home/u50933/td-interstroy.ru/www/frmk/web/CController.php(265): CController->runActionWithFilters(Object(CInlineAction), Array)
#8 /home/u50933/td-interstroy.ru/www/frmk/web/CWebApplication.php(282): CController->run('contact')
#9 /home/u50933/td-interstroy.ru/www/frmk/web/CWebApplication.php(141): CWebApplication->runController('site/contact')
#10 /home/u50933/td-interstroy.ru/www/frmk/base/CApplication.php(184): CWebApplication->processRequest()
#11 /home/u50933/td-interstroy.ru/www/index.php(13): CApplication->run()
#12 {main}
REQUEST_URI=/contacts
HTTP_REFERER=http://td-interstroy.ru/contacts
---
2016/05/26 15:17:14 [error] [exception.phpmailerException] exception 'phpmailerException' with message 'Language string failed to load: tls' in /home/u50933/td-interstroy.ru/www/protected/extensions/phpmailer/class.phpmailer.php:804
Stack trace:
#0 /home/u50933/td-interstroy.ru/www/protected/extensions/phpmailer/class.phpmailer.php(705): PHPMailer->SmtpConnect()
#1 /home/u50933/td-interstroy.ru/www/protected/extensions/phpmailer/class.phpmailer.php(576): PHPMailer->SmtpSend('Date: Thu, 26 M...', 'werwefsdf sdfsd...')
#2 /home/u50933/td-interstroy.ru/www/protected/components/Functions.php(112): PHPMailer->Send()
#3 /home/u50933/td-interstroy.ru/www/protected/controllers/SiteController.php(148): Functions::sendEmail('\xD0\x9D\xD0\xB8\xD0\xBA\xD0\xBE\xD0\xBB\xD0\xB0\xD0\xB9', 'test@test.ru', 'admin@td-inters...', '\xD0\x9F\xD0\xB8\xD1\x81\xD1\x8C\xD0\xBC\xD0\xBE \xD1\x81...', 'werwefsdf sdfsd...')
#4 /home/u50933/td-interstroy.ru/www/frmk/web/actions/CInlineAction.php(49): SiteController->actionContact()
#5 /home/u50933/td-interstroy.ru/www/frmk/web/CController.php(308): CInlineAction->runWithParams(Array)
#6 /home/u50933/td-interstroy.ru/www/frmk/web/CController.php(286): CController->runAction(Object(CInlineAction))
#7 /home/u50933/td-interstroy.ru/www/frmk/web/CController.php(265): CController->runActionWithFilters(Object(CInlineAction), Array)
#8 /home/u50933/td-interstroy.ru/www/frmk/web/CWebApplication.php(282): CController->run('contact')
#9 /home/u50933/td-interstroy.ru/www/frmk/web/CWebApplication.php(141): CWebApplication->runController('site/contact')
#10 /home/u50933/td-interstroy.ru/www/frmk/base/CApplication.php(184): CWebApplication->processRequest()
#11 /home/u50933/td-interstroy.ru/www/index.php(13): CApplication->run()
#12 {main}
REQUEST_URI=/contacts
HTTP_REFERER=http://td-interstroy.ru/contacts
---
2016/05/26 15:20:00 [error] [exception.phpmailerException] exception 'phpmailerException' with message 'SMTP Error: Could not authenticate.' in /home/u50933/td-interstroy.ru/www/protected/extensions/phpmailer/class.phpmailer.php:814
Stack trace:
#0 /home/u50933/td-interstroy.ru/www/protected/extensions/phpmailer/class.phpmailer.php(705): PHPMailer->SmtpConnect()
#1 /home/u50933/td-interstroy.ru/www/protected/extensions/phpmailer/class.phpmailer.php(576): PHPMailer->SmtpSend('Date: Thu, 26 M...', 'werwefsdf sdfsd...')
#2 /home/u50933/td-interstroy.ru/www/protected/components/Functions.php(112): PHPMailer->Send()
#3 /home/u50933/td-interstroy.ru/www/protected/controllers/SiteController.php(148): Functions::sendEmail('\xD0\x9D\xD0\xB8\xD0\xBA\xD0\xBE\xD0\xBB\xD0\xB0\xD0\xB9', 'test@test.ru', 'admin@td-inters...', '\xD0\x9F\xD0\xB8\xD1\x81\xD1\x8C\xD0\xBC\xD0\xBE \xD1\x81...', 'werwefsdf sdfsd...')
#4 /home/u50933/td-interstroy.ru/www/frmk/web/actions/CInlineAction.php(49): SiteController->actionContact()
#5 /home/u50933/td-interstroy.ru/www/frmk/web/CController.php(308): CInlineAction->runWithParams(Array)
#6 /home/u50933/td-interstroy.ru/www/frmk/web/CController.php(286): CController->runAction(Object(CInlineAction))
#7 /home/u50933/td-interstroy.ru/www/frmk/web/CController.php(265): CController->runActionWithFilters(Object(CInlineAction), Array)
#8 /home/u50933/td-interstroy.ru/www/frmk/web/CWebApplication.php(282): CController->run('contact')
#9 /home/u50933/td-interstroy.ru/www/frmk/web/CWebApplication.php(141): CWebApplication->runController('site/contact')
#10 /home/u50933/td-interstroy.ru/www/frmk/base/CApplication.php(184): CWebApplication->processRequest()
#11 /home/u50933/td-interstroy.ru/www/index.php(13): CApplication->run()
#12 {main}
REQUEST_URI=/contacts
HTTP_REFERER=http://td-interstroy.ru/contacts
---
2016/05/26 15:24:16 [error] [exception.phpmailerException] exception 'phpmailerException' with message 'Language string failed to load: tls' in /home/u50933/td-interstroy.ru/www/protected/extensions/phpmailer/class.phpmailer.php:804
Stack trace:
#0 /home/u50933/td-interstroy.ru/www/protected/extensions/phpmailer/class.phpmailer.php(705): PHPMailer->SmtpConnect()
#1 /home/u50933/td-interstroy.ru/www/protected/extensions/phpmailer/class.phpmailer.php(576): PHPMailer->SmtpSend('Date: Thu, 26 M...', 'fgdfgdfgdfg\n\n\xD0\x98...')
#2 /home/u50933/td-interstroy.ru/www/protected/components/Functions.php(113): PHPMailer->Send()
#3 /home/u50933/td-interstroy.ru/www/protected/controllers/SiteController.php(148): Functions::sendEmail('hhhh', 'test3@test.ru', 'admin@td-inters...', '\xD0\x9F\xD0\xB8\xD1\x81\xD1\x8C\xD0\xBC\xD0\xBE \xD1\x81...', 'fgdfgdfgdfg\r\n\r\n...')
#4 /home/u50933/td-interstroy.ru/www/frmk/web/actions/CInlineAction.php(49): SiteController->actionContact()
#5 /home/u50933/td-interstroy.ru/www/frmk/web/CController.php(308): CInlineAction->runWithParams(Array)
#6 /home/u50933/td-interstroy.ru/www/frmk/web/CController.php(286): CController->runAction(Object(CInlineAction))
#7 /home/u50933/td-interstroy.ru/www/frmk/web/CController.php(265): CController->runActionWithFilters(Object(CInlineAction), Array)
#8 /home/u50933/td-interstroy.ru/www/frmk/web/CWebApplication.php(282): CController->run('contact')
#9 /home/u50933/td-interstroy.ru/www/frmk/web/CWebApplication.php(141): CWebApplication->runController('site/contact')
#10 /home/u50933/td-interstroy.ru/www/frmk/base/CApplication.php(184): CWebApplication->processRequest()
#11 /home/u50933/td-interstroy.ru/www/index.php(13): CApplication->run()
#12 {main}
REQUEST_URI=/contacts
HTTP_REFERER=http://td-interstroy.ru/contacts
---
2016/05/26 16:14:57 [error] [exception.CHttpException.404] exception 'CHttpException' with message 'Невозможно обработать запрос "assets/modules/docmanager/js/docmanager.js".' in /home/u50933/td-interstroy.ru/www/frmk/web/CWebApplication.php:286
Stack trace:
#0 /home/u50933/td-interstroy.ru/www/frmk/web/CWebApplication.php(141): CWebApplication->runController('assets/modules/...')
#1 /home/u50933/td-interstroy.ru/www/frmk/base/CApplication.php(184): CWebApplication->processRequest()
#2 /home/u50933/td-interstroy.ru/www/index.php(13): CApplication->run()
#3 {main}
REQUEST_URI=/assets/modules/docmanager/js/docmanager.js
---
2016/05/27 04:00:44 [error] [exception.CHttpException.404] exception 'CHttpException' with message 'Невозможно обработать запрос "core/xpdo/changelog.txt".' in /home/u50933/td-interstroy.ru/www/frmk/web/CWebApplication.php:286
Stack trace:
#0 /home/u50933/td-interstroy.ru/www/frmk/web/CWebApplication.php(141): CWebApplication->runController('core/xpdo/chang...')
#1 /home/u50933/td-interstroy.ru/www/frmk/base/CApplication.php(184): CWebApplication->processRequest()
#2 /home/u50933/td-interstroy.ru/www/index.php(13): CApplication->run()
#3 {main}
REQUEST_URI=/core/xpdo/changelog.txt
---
2016/05/27 07:49:19 [error] [exception.CHttpException.404] exception 'CHttpException' with message 'Невозможно обработать запрос "user/register".' in /home/u50933/td-interstroy.ru/www/frmk/web/CWebApplication.php:286
Stack trace:
#0 /home/u50933/td-interstroy.ru/www/frmk/web/CWebApplication.php(141): CWebApplication->runController('user/register')
#1 /home/u50933/td-interstroy.ru/www/frmk/base/CApplication.php(184): CWebApplication->processRequest()
#2 /home/u50933/td-interstroy.ru/www/index.php(13): CApplication->run()
#3 {main}
REQUEST_URI=/user/register
---
2016/05/27 15:17:34 [error] [exception.CHttpException.404] exception 'CHttpException' with message 'Невозможно обработать запрос "admin/login.php".' in /home/u50933/td-interstroy.ru/www/frmk/web/CWebApplication.php:286
Stack trace:
#0 /home/u50933/td-interstroy.ru/www/frmk/web/CWebApplication.php(141): CWebApplication->runController('admin/login.php')
#1 /home/u50933/td-interstroy.ru/www/frmk/base/CApplication.php(184): CWebApplication->processRequest()
#2 /home/u50933/td-interstroy.ru/www/index.php(13): CApplication->run()
#3 {main}
REQUEST_URI=/admin/login.php
---
2016/05/27 19:04:38 [error] [exception.CHttpException.404] exception 'CHttpException' with message 'Невозможно обработать запрос "phpshop/admpanel".' in /home/u50933/td-interstroy.ru/www/frmk/web/CWebApplication.php:286
Stack trace:
#0 /home/u50933/td-interstroy.ru/www/frmk/web/CWebApplication.php(141): CWebApplication->runController('phpshop/admpane...')
#1 /home/u50933/td-interstroy.ru/www/frmk/base/CApplication.php(184): CWebApplication->processRequest()
#2 /home/u50933/td-interstroy.ru/www/index.php(13): CApplication->run()
#3 {main}
REQUEST_URI=/phpshop/admpanel/
---
2016/05/27 22:50:13 [error] [exception.CHttpException.404] exception 'CHttpException' with message 'Невозможно обработать запрос "engine/engine.php".' in /home/u50933/td-interstroy.ru/www/frmk/web/CWebApplication.php:286
Stack trace:
#0 /home/u50933/td-interstroy.ru/www/frmk/web/CWebApplication.php(141): CWebApplication->runController('engine/engine.p...')
#1 /home/u50933/td-interstroy.ru/www/frmk/base/CApplication.php(184): CWebApplication->processRequest()
#2 /home/u50933/td-interstroy.ru/www/index.php(13): CApplication->run()
#3 {main}
REQUEST_URI=/engine/engine.php
---
2016/05/28 03:32:22 [error] [exception.CHttpException.404] exception 'CHttpException' with message 'Невозможно обработать запрос "netcat/admin".' in /home/u50933/td-interstroy.ru/www/frmk/web/CWebApplication.php:286
Stack trace:
#0 /home/u50933/td-interstroy.ru/www/frmk/web/CWebApplication.php(141): CWebApplication->runController('netcat/admin')
#1 /home/u50933/td-interstroy.ru/www/frmk/base/CApplication.php(184): CWebApplication->processRequest()
#2 /home/u50933/td-interstroy.ru/www/index.php(13): CApplication->run()
#3 {main}
REQUEST_URI=/netcat/admin/
---
2016/05/28 07:15:21 [error] [exception.CHttpException.404] exception 'CHttpException' with message 'Невозможно обработать запрос "password_double_opt.php".' in /home/u50933/td-interstroy.ru/www/frmk/web/CWebApplication.php:286
Stack trace:
#0 /home/u50933/td-interstroy.ru/www/frmk/web/CWebApplication.php(141): CWebApplication->runController('password_double...')
#1 /home/u50933/td-interstroy.ru/www/frmk/base/CApplication.php(184): CWebApplication->processRequest()
#2 /home/u50933/td-interstroy.ru/www/index.php(13): CApplication->run()
#3 {main}
REQUEST_URI=/password_double_opt.php
---
2016/05/28 10:58:58 [error] [exception.CHttpException.404] exception 'CHttpException' with message 'Невозможно обработать запрос "hostcmsfiles/main.js".' in /home/u50933/td-interstroy.ru/www/frmk/web/CWebApplication.php:286
Stack trace:
#0 /home/u50933/td-interstroy.ru/www/frmk/web/CWebApplication.php(141): CWebApplication->runController('hostcmsfiles/ma...')
#1 /home/u50933/td-interstroy.ru/www/frmk/base/CApplication.php(184): CWebApplication->processRequest()
#2 /home/u50933/td-interstroy.ru/www/index.php(13): CApplication->run()
#3 {main}
REQUEST_URI=/hostcmsfiles/main.js
---
2016/05/28 14:53:30 [error] [exception.CHttpException.404] exception 'CHttpException' with message 'Невозможно обработать запрос "core/tpl/admin/default.tpl.html".' in /home/u50933/td-interstroy.ru/www/frmk/web/CWebApplication.php:286
Stack trace:
#0 /home/u50933/td-interstroy.ru/www/frmk/web/CWebApplication.php(141): CWebApplication->runController('core/tpl/admin/...')
#1 /home/u50933/td-interstroy.ru/www/frmk/base/CApplication.php(184): CWebApplication->processRequest()
#2 /home/u50933/td-interstroy.ru/www/index.php(13): CApplication->run()
#3 {main}
REQUEST_URI=/core/tpl/admin/default.tpl.html
---
2016/05/28 18:33:41 [error] [exception.CHttpException.404] exception 'CHttpException' with message 'Невозможно обработать запрос "js/easy.php".' in /home/u50933/td-interstroy.ru/www/frmk/web/CWebApplication.php:286
Stack trace:
#0 /home/u50933/td-interstroy.ru/www/frmk/web/CWebApplication.php(141): CWebApplication->runController('js/easy.php')
#1 /home/u50933/td-interstroy.ru/www/frmk/base/CApplication.php(184): CWebApplication->processRequest()
#2 /home/u50933/td-interstroy.ru/www/index.php(13): CApplication->run()
#3 {main}
REQUEST_URI=/js/easy.php
---
2016/05/28 23:51:57 [error] [exception.CHttpException.404] exception 'CHttpException' with message 'Невозможно обработать запрос "bitrix/admin".' in /home/u50933/td-interstroy.ru/www/frmk/web/CWebApplication.php:286
Stack trace:
#0 /home/u50933/td-interstroy.ru/www/frmk/web/CWebApplication.php(141): CWebApplication->runController('bitrix/admin')
#1 /home/u50933/td-interstroy.ru/www/frmk/base/CApplication.php(184): CWebApplication->processRequest()
#2 /home/u50933/td-interstroy.ru/www/index.php(13): CApplication->run()
#3 {main}
REQUEST_URI=/bitrix/admin/
---
2016/05/29 03:39:51 [error] [exception.CHttpException.404] exception 'CHttpException' with message 'Невозможно обработать запрос "js/admin.js".' in /home/u50933/td-interstroy.ru/www/frmk/web/CWebApplication.php:286
Stack trace:
#0 /home/u50933/td-interstroy.ru/www/frmk/web/CWebApplication.php(141): CWebApplication->runController('js/admin.js')
#1 /home/u50933/td-interstroy.ru/www/frmk/base/CApplication.php(184): CWebApplication->processRequest()
#2 /home/u50933/td-interstroy.ru/www/index.php(13): CApplication->run()
#3 {main}
REQUEST_URI=/js/admin.js
---
2016/05/29 07:19:03 [error] [exception.CHttpException.404] exception 'CHttpException' with message 'Невозможно обработать запрос "admin/login".' in /home/u50933/td-interstroy.ru/www/frmk/web/CWebApplication.php:286
Stack trace:
#0 /home/u50933/td-interstroy.ru/www/frmk/web/CWebApplication.php(141): CWebApplication->runController('admin/login')
#1 /home/u50933/td-interstroy.ru/www/frmk/base/CApplication.php(184): CWebApplication->processRequest()
#2 /home/u50933/td-interstroy.ru/www/index.php(13): CApplication->run()
#3 {main}
REQUEST_URI=/admin/login
---
2016/05/29 11:00:02 [error] [exception.CHttpException.404] exception 'CHttpException' with message 'Невозможно обработать запрос "cms/lang/ru_utf8/css/sbIndex.css".' in /home/u50933/td-interstroy.ru/www/frmk/web/CWebApplication.php:286
Stack trace:
#0 /home/u50933/td-interstroy.ru/www/frmk/web/CWebApplication.php(141): CWebApplication->runController('cms/lang/ru_utf...')
#1 /home/u50933/td-interstroy.ru/www/frmk/base/CApplication.php(184): CWebApplication->processRequest()
#2 /home/u50933/td-interstroy.ru/www/index.php(13): CApplication->run()
#3 {main}
REQUEST_URI=/cms/lang/ru_utf8/css/sbIndex.css
---
2016/05/29 14:39:39 [error] [exception.CHttpException.404] exception 'CHttpException' with message 'Невозможно обработать запрос "js/api.js".' in /home/u50933/td-interstroy.ru/www/frmk/web/CWebApplication.php:286
Stack trace:
#0 /home/u50933/td-interstroy.ru/www/frmk/web/CWebApplication.php(141): CWebApplication->runController('js/api.js')
#1 /home/u50933/td-interstroy.ru/www/frmk/base/CApplication.php(184): CWebApplication->processRequest()
#2 /home/u50933/td-interstroy.ru/www/index.php(13): CApplication->run()
#3 {main}
REQUEST_URI=/js/api.js
---
2016/05/29 18:22:43 [error] [exception.CHttpException.404] exception 'CHttpException' with message 'Невозможно обработать запрос "includes/init.php".' in /home/u50933/td-interstroy.ru/www/frmk/web/CWebApplication.php:286
Stack trace:
#0 /home/u50933/td-interstroy.ru/www/frmk/web/CWebApplication.php(141): CWebApplication->runController('includes/init.p...')
#1 /home/u50933/td-interstroy.ru/www/frmk/base/CApplication.php(184): CWebApplication->processRequest()
#2 /home/u50933/td-interstroy.ru/www/index.php(13): CApplication->run()
#3 {main}
REQUEST_URI=/includes/init.php
---
2016/05/29 22:07:35 [error] [exception.CHttpException.404] exception 'CHttpException' with message 'Невозможно обработать запрос "registration".' in /home/u50933/td-interstroy.ru/www/frmk/web/CWebApplication.php:286
Stack trace:
#0 /home/u50933/td-interstroy.ru/www/frmk/web/CWebApplication.php(141): CWebApplication->runController('registration')
#1 /home/u50933/td-interstroy.ru/www/frmk/base/CApplication.php(184): CWebApplication->processRequest()
#2 /home/u50933/td-interstroy.ru/www/index.php(13): CApplication->run()
#3 {main}
REQUEST_URI=/registration/
---
2016/05/30 01:51:10 [error] [exception.CHttpException.404] exception 'CHttpException' with message 'Невозможно обработать запрос "typo3/border.html".' in /home/u50933/td-interstroy.ru/www/frmk/web/CWebApplication.php:286
Stack trace:
#0 /home/u50933/td-interstroy.ru/www/frmk/web/CWebApplication.php(141): CWebApplication->runController('typo3/border.ht...')
#1 /home/u50933/td-interstroy.ru/www/frmk/base/CApplication.php(184): CWebApplication->processRequest()
#2 /home/u50933/td-interstroy.ru/www/index.php(13): CApplication->run()
#3 {main}
REQUEST_URI=/typo3/border.html
---
2016/05/30 05:43:41 [error] [exception.CHttpException.404] exception 'CHttpException' with message 'Невозможно обработать запрос "assets/index.html".' in /home/u50933/td-interstroy.ru/www/frmk/web/CWebApplication.php:286
Stack trace:
#0 /home/u50933/td-interstroy.ru/www/frmk/web/CWebApplication.php(141): CWebApplication->runController('assets/index.ht...')
#1 /home/u50933/td-interstroy.ru/www/frmk/base/CApplication.php(184): CWebApplication->processRequest()
#2 /home/u50933/td-interstroy.ru/www/index.php(13): CApplication->run()
#3 {main}
REQUEST_URI=/assets/index.html
---
2016/05/30 09:27:07 [error] [exception.CHttpException.404] exception 'CHttpException' with message 'Невозможно обработать запрос "cms/admin/index.php".' in /home/u50933/td-interstroy.ru/www/frmk/web/CWebApplication.php:286
Stack trace:
#0 /home/u50933/td-interstroy.ru/www/frmk/web/CWebApplication.php(141): CWebApplication->runController('cms/admin/index...')
#1 /home/u50933/td-interstroy.ru/www/frmk/base/CApplication.php(184): CWebApplication->processRequest()
#2 /home/u50933/td-interstroy.ru/www/index.php(13): CApplication->run()
#3 {main}
REQUEST_URI=/cms/admin/index.php
---
2016/05/30 13:11:44 [error] [exception.CHttpException.404] exception 'CHttpException' with message 'Невозможно обработать запрос "autoupdate/service/version".' in /home/u50933/td-interstroy.ru/www/frmk/web/CWebApplication.php:286
Stack trace:
#0 /home/u50933/td-interstroy.ru/www/frmk/web/CWebApplication.php(141): CWebApplication->runController('autoupdate/serv...')
#1 /home/u50933/td-interstroy.ru/www/frmk/base/CApplication.php(184): CWebApplication->processRequest()
#2 /home/u50933/td-interstroy.ru/www/index.php(13): CApplication->run()
#3 {main}
REQUEST_URI=/autoupdate/service/version/
---
2016/05/30 14:40:00 [error] [exception.CHttpException.404] exception 'CHttpException' with message 'Невозможно обработать запрос "vam_rss2_info.php".' in /home/u50933/td-interstroy.ru/www/frmk/web/CWebApplication.php:286
Stack trace:
#0 /home/u50933/td-interstroy.ru/www/frmk/web/CWebApplication.php(141): CWebApplication->runController('vam_rss2_info.p...')
#1 /home/u50933/td-interstroy.ru/www/frmk/base/CApplication.php(184): CWebApplication->processRequest()
#2 /home/u50933/td-interstroy.ru/www/index.php(13): CApplication->run()
#3 {main}
REQUEST_URI=/vam_rss2_info.php
---
2016/05/30 15:46:14 [error] [exception.CHttpException.404] exception 'CHttpException' with message 'Невозможно обработать запрос "vamshop.txt".' in /home/u50933/td-interstroy.ru/www/frmk/web/CWebApplication.php:286
Stack trace:
#0 /home/u50933/td-interstroy.ru/www/frmk/web/CWebApplication.php(141): CWebApplication->runController('vamshop.txt')
#1 /home/u50933/td-interstroy.ru/www/frmk/base/CApplication.php(184): CWebApplication->processRequest()
#2 /home/u50933/td-interstroy.ru/www/index.php(13): CApplication->run()
#3 {main}
REQUEST_URI=/vamshop.txt
---
2016/05/30 16:53:18 [error] [exception.CHttpException.404] exception 'CHttpException' with message 'Невозможно обработать запрос "include/ajax/textPreview.php".' in /home/u50933/td-interstroy.ru/www/frmk/web/CWebApplication.php:286
Stack trace:
#0 /home/u50933/td-interstroy.ru/www/frmk/web/CWebApplication.php(141): CWebApplication->runController('include/ajax/te...')
#1 /home/u50933/td-interstroy.ru/www/frmk/base/CApplication.php(184): CWebApplication->processRequest()
#2 /home/u50933/td-interstroy.ru/www/index.php(13): CApplication->run()
#3 {main}
REQUEST_URI=/include/ajax/textPreview.php
---
2016/05/30 18:00:05 [error] [exception.CHttpException.404] exception 'CHttpException' with message 'Невозможно обработать запрос "shop_content.php".' in /home/u50933/td-interstroy.ru/www/frmk/web/CWebApplication.php:286
Stack trace:
#0 /home/u50933/td-interstroy.ru/www/frmk/web/CWebApplication.php(141): CWebApplication->runController('shop_content.ph...')
#1 /home/u50933/td-interstroy.ru/www/frmk/base/CApplication.php(184): CWebApplication->processRequest()
#2 /home/u50933/td-interstroy.ru/www/index.php(13): CApplication->run()
#3 {main}
REQUEST_URI=/shop_content.php
---
2016/06/02 02:06:45 [error] [exception.CHttpException.404] exception 'CHttpException' with message 'Невозможно обработать запрос "controller.php".' in /home/u50933/td-interstroy.ru/www/frmk/web/CWebApplication.php:286
Stack trace:
#0 /home/u50933/td-interstroy.ru/www/frmk/web/CWebApplication.php(141): CWebApplication->runController('controller.php')
#1 /home/u50933/td-interstroy.ru/www/frmk/base/CApplication.php(184): CWebApplication->processRequest()
#2 /home/u50933/td-interstroy.ru/www/index.php(13): CApplication->run()
#3 {main}
REQUEST_URI=/controller.php
---
2016/06/02 08:24:59 [error] [exception.CHttpException.404] exception 'CHttpException' with message 'Невозможно обработать запрос "controller.php".' in /home/u50933/td-interstroy.ru/www/frmk/web/CWebApplication.php:286
Stack trace:
#0 /home/u50933/td-interstroy.ru/www/frmk/web/CWebApplication.php(141): CWebApplication->runController('controller.php')
#1 /home/u50933/td-interstroy.ru/www/frmk/base/CApplication.php(184): CWebApplication->processRequest()
#2 /home/u50933/td-interstroy.ru/www/index.php(13): CApplication->run()
#3 {main}
REQUEST_URI=/controller.php
---
2016/06/03 10:04:44 [error] [exception.CHttpException.404] exception 'CHttpException' with message 'Невозможно обработать запрос "cache.php".' in /home/u50933/td-interstroy.ru/www/frmk/web/CWebApplication.php:286
Stack trace:
#0 /home/u50933/td-interstroy.ru/www/frmk/web/CWebApplication.php(141): CWebApplication->runController('cache.php')
#1 /home/u50933/td-interstroy.ru/www/frmk/base/CApplication.php(184): CWebApplication->processRequest()
#2 /home/u50933/td-interstroy.ru/www/index.php(13): CApplication->run()
#3 {main}
REQUEST_URI=/cache.php
---
2016/06/04 04:34:32 [error] [exception.CHttpException.404] exception 'CHttpException' with message 'Невозможно обработать запрос "cache.php".' in /home/u50933/td-interstroy.ru/www/frmk/web/CWebApplication.php:286
Stack trace:
#0 /home/u50933/td-interstroy.ru/www/frmk/web/CWebApplication.php(141): CWebApplication->runController('cache.php')
#1 /home/u50933/td-interstroy.ru/www/frmk/base/CApplication.php(184): CWebApplication->processRequest()
#2 /home/u50933/td-interstroy.ru/www/index.php(13): CApplication->run()
#3 {main}
REQUEST_URI=/cache.php
---
2016/06/05 00:24:48 [error] [exception.CHttpException.404] exception 'CHttpException' with message 'Невозможно обработать запрос "administrator".' in /home/u50933/td-interstroy.ru/www/frmk/web/CWebApplication.php:286
Stack trace:
#0 /home/u50933/td-interstroy.ru/www/frmk/web/CWebApplication.php(141): CWebApplication->runController('administrator')
#1 /home/u50933/td-interstroy.ru/www/frmk/base/CApplication.php(184): CWebApplication->processRequest()
#2 /home/u50933/td-interstroy.ru/www/index.php(13): CApplication->run()
#3 {main}
REQUEST_URI=/administrator/
---
2016/06/05 00:24:54 [error] [exception.CHttpException.404] exception 'CHttpException' with message 'Невозможно обработать запрос "admin.php".' in /home/u50933/td-interstroy.ru/www/frmk/web/CWebApplication.php:286
Stack trace:
#0 /home/u50933/td-interstroy.ru/www/frmk/web/CWebApplication.php(141): CWebApplication->runController('admin.php')
#1 /home/u50933/td-interstroy.ru/www/frmk/base/CApplication.php(184): CWebApplication->processRequest()
#2 /home/u50933/td-interstroy.ru/www/index.php(13): CApplication->run()
#3 {main}
REQUEST_URI=/admin.php
---
2016/06/07 16:26:19 [error] [exception.CHttpException.404] exception 'CHttpException' with message 'Невозможно обработать запрос "administrator".' in /home/u50933/td-interstroy.ru/www/frmk/web/CWebApplication.php:286
Stack trace:
#0 /home/u50933/td-interstroy.ru/www/frmk/web/CWebApplication.php(141): CWebApplication->runController('administrator')
#1 /home/u50933/td-interstroy.ru/www/frmk/base/CApplication.php(184): CWebApplication->processRequest()
#2 /home/u50933/td-interstroy.ru/www/index.php(13): CApplication->run()
#3 {main}
REQUEST_URI=/administrator/
---
2016/06/07 16:26:19 [error] [exception.CHttpException.404] exception 'CHttpException' with message 'Невозможно обработать запрос "admin.php".' in /home/u50933/td-interstroy.ru/www/frmk/web/CWebApplication.php:286
Stack trace:
#0 /home/u50933/td-interstroy.ru/www/frmk/web/CWebApplication.php(141): CWebApplication->runController('admin.php')
#1 /home/u50933/td-interstroy.ru/www/frmk/base/CApplication.php(184): CWebApplication->processRequest()
#2 /home/u50933/td-interstroy.ru/www/index.php(13): CApplication->run()
#3 {main}
REQUEST_URI=/admin.php
---
2016/06/08 17:12:16 [error] [exception.CHttpException.404] exception 'CHttpException' with message 'Невозможно обработать запрос "wp-content/themes/u-design/scripts/script.js".' in /home/u50933/td-interstroy.ru/www/frmk/web/CWebApplication.php:286
Stack trace:
#0 /home/u50933/td-interstroy.ru/www/frmk/web/CWebApplication.php(141): CWebApplication->runController('wp-content/them...')
#1 /home/u50933/td-interstroy.ru/www/frmk/base/CApplication.php(184): CWebApplication->processRequest()
#2 /home/u50933/td-interstroy.ru/www/index.php(13): CApplication->run()
#3 {main}
REQUEST_URI=/wp-content/themes/u-design/scripts/script.js
---
2016/06/10 01:47:50 [error] [exception.CHttpException.404] exception 'CHttpException' with message 'Невозможно обработать запрос "go.php".' in /home/u50933/td-interstroy.ru/www/frmk/web/CWebApplication.php:286
Stack trace:
#0 /home/u50933/td-interstroy.ru/www/frmk/web/CWebApplication.php(141): CWebApplication->runController('go.php')
#1 /home/u50933/td-interstroy.ru/www/frmk/base/CApplication.php(184): CWebApplication->processRequest()
#2 /home/u50933/td-interstroy.ru/www/index.php(13): CApplication->run()
#3 {main}
REQUEST_URI=/go.php?http://ya.ru=
---
2016/06/15 00:15:54 [error] [exception.CHttpException.404] exception 'CHttpException' with message 'Невозможно обработать запрос "bitrix/admin".' in /home/u50933/td-interstroy.ru/www/frmk/web/CWebApplication.php:286
Stack trace:
#0 /home/u50933/td-interstroy.ru/www/frmk/web/CWebApplication.php(141): CWebApplication->runController('bitrix/admin')
#1 /home/u50933/td-interstroy.ru/www/frmk/base/CApplication.php(184): CWebApplication->processRequest()
#2 /home/u50933/td-interstroy.ru/www/index.php(13): CApplication->run()
#3 {main}
REQUEST_URI=/bitrix/admin/
HTTP_REFERER=http://td-interstroy.ru/bitrix/admin/
---
2016/06/15 15:43:34 [error] [exception.CHttpException.404] exception 'CHttpException' with message 'Невозможно обработать запрос "admin.php".' in /home/u50933/td-interstroy.ru/www/frmk/web/CWebApplication.php:286
Stack trace:
#0 /home/u50933/td-interstroy.ru/www/frmk/web/CWebApplication.php(141): CWebApplication->runController('admin.php')
#1 /home/u50933/td-interstroy.ru/www/frmk/base/CApplication.php(184): CWebApplication->processRequest()
#2 /home/u50933/td-interstroy.ru/www/index.php(13): CApplication->run()
#3 {main}
REQUEST_URI=/admin.php
HTTP_REFERER=http://td-interstroy.ru/admin.php
---
2016/06/16 03:18:28 [error] [exception.CHttpException.404] exception 'CHttpException' with message 'Невозможно обработать запрос "user".' in /home/u50933/td-interstroy.ru/www/frmk/web/CWebApplication.php:286
Stack trace:
#0 /home/u50933/td-interstroy.ru/www/frmk/web/CWebApplication.php(141): CWebApplication->runController('user')
#1 /home/u50933/td-interstroy.ru/www/frmk/base/CApplication.php(184): CWebApplication->processRequest()
#2 /home/u50933/td-interstroy.ru/www/index.php(13): CApplication->run()
#3 {main}
REQUEST_URI=/user
HTTP_REFERER=http://td-interstroy.ru/user
---
2016/06/16 15:14:17 [error] [exception.CHttpException.404] exception 'CHttpException' with message 'Невозможно обработать запрос "admin/index.php".' in /home/u50933/td-interstroy.ru/www/frmk/web/CWebApplication.php:286
Stack trace:
#0 /home/u50933/td-interstroy.ru/www/frmk/web/CWebApplication.php(141): CWebApplication->runController('admin/index.php')
#1 /home/u50933/td-interstroy.ru/www/frmk/base/CApplication.php(184): CWebApplication->processRequest()
#2 /home/u50933/td-interstroy.ru/www/index.php(13): CApplication->run()
#3 {main}
REQUEST_URI=/admin/index.php?route=common/login
HTTP_REFERER=http://td-interstroy.ru/admin/index.php?route=common/login
---
2016/06/16 18:07:13 [error] [exception.CHttpException.404] exception 'CHttpException' with message 'Невозможно обработать запрос "www.zip".' in /home/u50933/td-interstroy.ru/www/frmk/web/CWebApplication.php:286
Stack trace:
#0 /home/u50933/td-interstroy.ru/www/frmk/web/CWebApplication.php(141): CWebApplication->runController('www.zip')
#1 /home/u50933/td-interstroy.ru/www/frmk/base/CApplication.php(184): CWebApplication->processRequest()
#2 /home/u50933/td-interstroy.ru/www/index.php(13): CApplication->run()
#3 {main}
REQUEST_URI=/www.zip
---
2016/06/16 18:07:14 [error] [exception.CHttpException.404] exception 'CHttpException' with message 'Невозможно обработать запрос "www.rar".' in /home/u50933/td-interstroy.ru/www/frmk/web/CWebApplication.php:286
Stack trace:
#0 /home/u50933/td-interstroy.ru/www/frmk/web/CWebApplication.php(141): CWebApplication->runController('www.rar')
#1 /home/u50933/td-interstroy.ru/www/frmk/base/CApplication.php(184): CWebApplication->processRequest()
#2 /home/u50933/td-interstroy.ru/www/index.php(13): CApplication->run()
#3 {main}
REQUEST_URI=/www.rar
---
2016/06/16 22:27:19 [error] [exception.CHttpException.404] exception 'CHttpException' with message 'Невозможно обработать запрос "1.zip".' in /home/u50933/td-interstroy.ru/www/frmk/web/CWebApplication.php:286
Stack trace:
#0 /home/u50933/td-interstroy.ru/www/frmk/web/CWebApplication.php(141): CWebApplication->runController('1.zip')
#1 /home/u50933/td-interstroy.ru/www/frmk/base/CApplication.php(184): CWebApplication->processRequest()
#2 /home/u50933/td-interstroy.ru/www/index.php(13): CApplication->run()
#3 {main}
REQUEST_URI=/1.zip
---
2016/06/16 22:27:19 [error] [exception.CHttpException.404] exception 'CHttpException' with message 'Невозможно обработать запрос "1.rar".' in /home/u50933/td-interstroy.ru/www/frmk/web/CWebApplication.php:286
Stack trace:
#0 /home/u50933/td-interstroy.ru/www/frmk/web/CWebApplication.php(141): CWebApplication->runController('1.rar')
#1 /home/u50933/td-interstroy.ru/www/frmk/base/CApplication.php(184): CWebApplication->processRequest()
#2 /home/u50933/td-interstroy.ru/www/index.php(13): CApplication->run()
#3 {main}
REQUEST_URI=/1.rar
---
2016/06/16 23:31:53 [error] [exception.CHttpException.404] exception 'CHttpException' with message 'Невозможно обработать запрос "user".' in /home/u50933/td-interstroy.ru/www/frmk/web/CWebApplication.php:286
Stack trace:
#0 /home/u50933/td-interstroy.ru/www/frmk/web/CWebApplication.php(141): CWebApplication->runController('user')
#1 /home/u50933/td-interstroy.ru/www/frmk/base/CApplication.php(184): CWebApplication->processRequest()
#2 /home/u50933/td-interstroy.ru/www/index.php(13): CApplication->run()
#3 {main}
REQUEST_URI=/user/
HTTP_REFERER=http://TD-INTERSTROY.RU/user/
---
2016/06/18 01:16:51 [error] [exception.CHttpException.404] exception 'CHttpException' with message 'Невозможно обработать запрос "netcat/admin".' in /home/u50933/td-interstroy.ru/www/frmk/web/CWebApplication.php:286
Stack trace:
#0 /home/u50933/td-interstroy.ru/www/frmk/web/CWebApplication.php(141): CWebApplication->runController('netcat/admin')
#1 /home/u50933/td-interstroy.ru/www/frmk/base/CApplication.php(184): CWebApplication->processRequest()
#2 /home/u50933/td-interstroy.ru/www/index.php(13): CApplication->run()
#3 {main}
REQUEST_URI=/netcat/admin/
HTTP_REFERER=http://td-interstroy.ru/netcat/admin/
---
2016/06/18 17:59:01 [error] [exception.CHttpException.404] exception 'CHttpException' with message 'Невозможно обработать запрос "xmlrpc.php".' in /home/u50933/td-interstroy.ru/www/frmk/web/CWebApplication.php:286
Stack trace:
#0 /home/u50933/td-interstroy.ru/www/frmk/web/CWebApplication.php(141): CWebApplication->runController('xmlrpc.php')
#1 /home/u50933/td-interstroy.ru/www/frmk/base/CApplication.php(184): CWebApplication->processRequest()
#2 /home/u50933/td-interstroy.ru/www/index.php(13): CApplication->run()
#3 {main}
REQUEST_URI=/xmlrpc.php?rsd
---
2016/06/18 17:59:01 [error] [exception.CHttpException.404] exception 'CHttpException' with message 'Невозможно обработать запрос "blog/robots.txt".' in /home/u50933/td-interstroy.ru/www/frmk/web/CWebApplication.php:286
Stack trace:
#0 /home/u50933/td-interstroy.ru/www/frmk/web/CWebApplication.php(141): CWebApplication->runController('blog/robots.txt')
#1 /home/u50933/td-interstroy.ru/www/frmk/base/CApplication.php(184): CWebApplication->processRequest()
#2 /home/u50933/td-interstroy.ru/www/index.php(13): CApplication->run()
#3 {main}
REQUEST_URI=/blog/robots.txt
---
2016/06/18 17:59:01 [error] [exception.CHttpException.404] exception 'CHttpException' with message 'Невозможно обработать запрос "blog".' in /home/u50933/td-interstroy.ru/www/frmk/web/CWebApplication.php:286
Stack trace:
#0 /home/u50933/td-interstroy.ru/www/frmk/web/CWebApplication.php(141): CWebApplication->runController('blog')
#1 /home/u50933/td-interstroy.ru/www/frmk/base/CApplication.php(184): CWebApplication->processRequest()
#2 /home/u50933/td-interstroy.ru/www/index.php(13): CApplication->run()
#3 {main}
REQUEST_URI=/blog/
---
2016/06/18 17:59:01 [error] [exception.CHttpException.404] exception 'CHttpException' with message 'Невозможно обработать запрос "wordpress".' in /home/u50933/td-interstroy.ru/www/frmk/web/CWebApplication.php:286
Stack trace:
#0 /home/u50933/td-interstroy.ru/www/frmk/web/CWebApplication.php(141): CWebApplication->runController('wordpress')
#1 /home/u50933/td-interstroy.ru/www/frmk/base/CApplication.php(184): CWebApplication->processRequest()
#2 /home/u50933/td-interstroy.ru/www/index.php(13): CApplication->run()
#3 {main}
REQUEST_URI=/wordpress/
---
2016/06/18 17:59:01 [error] [exception.CHttpException.404] exception 'CHttpException' with message 'Невозможно обработать запрос "wp".' in /home/u50933/td-interstroy.ru/www/frmk/web/CWebApplication.php:286
Stack trace:
#0 /home/u50933/td-interstroy.ru/www/frmk/web/CWebApplication.php(141): CWebApplication->runController('wp')
#1 /home/u50933/td-interstroy.ru/www/frmk/base/CApplication.php(184): CWebApplication->processRequest()
#2 /home/u50933/td-interstroy.ru/www/index.php(13): CApplication->run()
#3 {main}
REQUEST_URI=/wp/
---
2016/06/18 21:12:48 [error] [exception.CHttpException.404] exception 'CHttpException' with message 'Невозможно обработать запрос "wp-content/plugins/revslider/js/rev_admin.js".' in /home/u50933/td-interstroy.ru/www/frmk/web/CWebApplication.php:286
Stack trace:
#0 /home/u50933/td-interstroy.ru/www/frmk/web/CWebApplication.php(141): CWebApplication->runController('wp-content/plug...')
#1 /home/u50933/td-interstroy.ru/www/frmk/base/CApplication.php(184): CWebApplication->processRequest()
#2 /home/u50933/td-interstroy.ru/www/index.php(13): CApplication->run()
#3 {main}
REQUEST_URI=/wp-content/plugins/revslider/js/rev_admin.js
---
2016/06/24 07:29:39 [error] [exception.CHttpException.404] exception 'CHttpException' with message 'Невозможно обработать запрос "administrator".' in /home/u50933/td-interstroy.ru/www/frmk/web/CWebApplication.php:286
Stack trace:
#0 /home/u50933/td-interstroy.ru/www/frmk/web/CWebApplication.php(141): CWebApplication->runController('administrator')
#1 /home/u50933/td-interstroy.ru/www/frmk/base/CApplication.php(184): CWebApplication->processRequest()
#2 /home/u50933/td-interstroy.ru/www/index.php(13): CApplication->run()
#3 {main}
REQUEST_URI=/administrator/
---
2016/06/24 07:30:38 [error] [exception.CHttpException.404] exception 'CHttpException' with message 'Невозможно обработать запрос "admin.php".' in /home/u50933/td-interstroy.ru/www/frmk/web/CWebApplication.php:286
Stack trace:
#0 /home/u50933/td-interstroy.ru/www/frmk/web/CWebApplication.php(141): CWebApplication->runController('admin.php')
#1 /home/u50933/td-interstroy.ru/www/frmk/base/CApplication.php(184): CWebApplication->processRequest()
#2 /home/u50933/td-interstroy.ru/www/index.php(13): CApplication->run()
#3 {main}
REQUEST_URI=/admin.php
---
2016/06/28 19:01:17 [error] [exception.CHttpException.404] exception 'CHttpException' with message 'Невозможно обработать запрос "admin.php".' in /home/u50933/td-interstroy.ru/www/frmk/web/CWebApplication.php:286
Stack trace:
#0 /home/u50933/td-interstroy.ru/www/frmk/web/CWebApplication.php(141): CWebApplication->runController('admin.php')
#1 /home/u50933/td-interstroy.ru/www/frmk/base/CApplication.php(184): CWebApplication->processRequest()
#2 /home/u50933/td-interstroy.ru/www/index.php(13): CApplication->run()
#3 {main}
REQUEST_URI=/admin.php
---
2016/06/28 19:01:20 [error] [exception.CHttpException.404] exception 'CHttpException' with message 'Невозможно обработать запрос "wp-login.php".' in /home/u50933/td-interstroy.ru/www/frmk/web/CWebApplication.php:286
Stack trace:
#0 /home/u50933/td-interstroy.ru/www/frmk/web/CWebApplication.php(141): CWebApplication->runController('wp-login.php')
#1 /home/u50933/td-interstroy.ru/www/frmk/base/CApplication.php(184): CWebApplication->processRequest()
#2 /home/u50933/td-interstroy.ru/www/index.php(13): CApplication->run()
#3 {main}
REQUEST_URI=/wp-login.php
---
2016/07/01 04:55:09 [error] [exception.CHttpException.404] exception 'CHttpException' with message 'Невозможно обработать запрос "version.php".' in /home/u50933/td-interstroy.ru/www/frmk/web/CWebApplication.php:286
Stack trace:
#0 /home/u50933/td-interstroy.ru/www/frmk/web/CWebApplication.php(141): CWebApplication->runController('version.php')
#1 /home/u50933/td-interstroy.ru/www/frmk/base/CApplication.php(184): CWebApplication->processRequest()
#2 /home/u50933/td-interstroy.ru/www/index.php(13): CApplication->run()
#3 {main}
REQUEST_URI=/version.php
---
2016/07/01 04:55:09 [error] [exception.CHttpException.404] exception 'CHttpException' with message 'Невозможно обработать запрос "tds/version.php".' in /home/u50933/td-interstroy.ru/www/frmk/web/CWebApplication.php:286
Stack trace:
#0 /home/u50933/td-interstroy.ru/www/frmk/web/CWebApplication.php(141): CWebApplication->runController('tds/version.php')
#1 /home/u50933/td-interstroy.ru/www/frmk/base/CApplication.php(184): CWebApplication->processRequest()
#2 /home/u50933/td-interstroy.ru/www/index.php(13): CApplication->run()
#3 {main}
REQUEST_URI=/tds/version.php
HTTP_REFERER=http://td-interstroy.ru/version.php
---
2016/07/04 09:25:54 [error] [exception.CHttpException.404] exception 'CHttpException' with message 'Невозможно обработать запрос "wp-content/plugins/revslider/js/rev_admin.js".' in /home/u50933/td-interstroy.ru/www/frmk/web/CWebApplication.php:286
Stack trace:
#0 /home/u50933/td-interstroy.ru/www/frmk/web/CWebApplication.php(141): CWebApplication->runController('wp-content/plug...')
#1 /home/u50933/td-interstroy.ru/www/frmk/base/CApplication.php(184): CWebApplication->processRequest()
#2 /home/u50933/td-interstroy.ru/www/index.php(13): CApplication->run()
#3 {main}
REQUEST_URI=/wp-content/plugins/revslider/js/rev_admin.js
---
2016/07/07 03:16:54 [error] [exception.CHttpException.404] exception 'CHttpException' with message 'Невозможно обработать запрос "wp".' in /home/u50933/td-interstroy.ru/www/frmk/web/CWebApplication.php:286
Stack trace:
#0 /home/u50933/td-interstroy.ru/www/frmk/web/CWebApplication.php(141): CWebApplication->runController('wp')
#1 /home/u50933/td-interstroy.ru/www/frmk/base/CApplication.php(184): CWebApplication->processRequest()
#2 /home/u50933/td-interstroy.ru/www/index.php(13): CApplication->run()
#3 {main}
REQUEST_URI=/wp
---
2016/07/07 03:16:54 [error] [exception.CHttpException.404] exception 'CHttpException' with message 'Невозможно обработать запрос "blog".' in /home/u50933/td-interstroy.ru/www/frmk/web/CWebApplication.php:286
Stack trace:
#0 /home/u50933/td-interstroy.ru/www/frmk/web/CWebApplication.php(141): CWebApplication->runController('blog')
#1 /home/u50933/td-interstroy.ru/www/frmk/base/CApplication.php(184): CWebApplication->processRequest()
#2 /home/u50933/td-interstroy.ru/www/index.php(13): CApplication->run()
#3 {main}
REQUEST_URI=/blog
---
2016/07/07 03:16:54 [error] [exception.CHttpException.404] exception 'CHttpException' with message 'Невозможно обработать запрос "wordpres".' in /home/u50933/td-interstroy.ru/www/frmk/web/CWebApplication.php:286
Stack trace:
#0 /home/u50933/td-interstroy.ru/www/frmk/web/CWebApplication.php(141): CWebApplication->runController('wordpres')
#1 /home/u50933/td-interstroy.ru/www/frmk/base/CApplication.php(184): CWebApplication->processRequest()
#2 /home/u50933/td-interstroy.ru/www/index.php(13): CApplication->run()
#3 {main}
REQUEST_URI=/wordpres
---
2016/07/07 03:16:54 [error] [exception.CHttpException.404] exception 'CHttpException' with message 'Невозможно обработать запрос "test".' in /home/u50933/td-interstroy.ru/www/frmk/web/CWebApplication.php:286
Stack trace:
#0 /home/u50933/td-interstroy.ru/www/frmk/web/CWebApplication.php(141): CWebApplication->runController('test')
#1 /home/u50933/td-interstroy.ru/www/frmk/base/CApplication.php(184): CWebApplication->processRequest()
#2 /home/u50933/td-interstroy.ru/www/index.php(13): CApplication->run()
#3 {main}
REQUEST_URI=/test
---
2016/07/07 03:16:55 [error] [exception.CHttpException.404] exception 'CHttpException' with message 'Невозможно обработать запрос "wordpress".' in /home/u50933/td-interstroy.ru/www/frmk/web/CWebApplication.php:286
Stack trace:
#0 /home/u50933/td-interstroy.ru/www/frmk/web/CWebApplication.php(141): CWebApplication->runController('wordpress')
#1 /home/u50933/td-interstroy.ru/www/frmk/base/CApplication.php(184): CWebApplication->processRequest()
#2 /home/u50933/td-interstroy.ru/www/index.php(13): CApplication->run()
#3 {main}
REQUEST_URI=/wordpress
---
2016/07/10 21:29:18 [error] [exception.CHttpException.404] exception 'CHttpException' with message 'Невозможно обработать запрос "sitemap.xml".' in /home/u50933/td-interstroy.ru/www/frmk/web/CWebApplication.php:286
Stack trace:
#0 /home/u50933/td-interstroy.ru/www/frmk/web/CWebApplication.php(141): CWebApplication->runController('sitemap.xml')
#1 /home/u50933/td-interstroy.ru/www/frmk/base/CApplication.php(184): CWebApplication->processRequest()
#2 /home/u50933/td-interstroy.ru/www/index.php(13): CApplication->run()
#3 {main}
REQUEST_URI=/sitemap.xml
---
2016/07/13 05:56:02 [error] [exception.CHttpException.404] exception 'CHttpException' with message 'Невозможно обработать запрос "wp-admin/install.php".' in /home/u50933/td-interstroy.ru/www/frmk/web/CWebApplication.php:286
Stack trace:
#0 /home/u50933/td-interstroy.ru/www/frmk/web/CWebApplication.php(141): CWebApplication->runController('wp-admin/instal...')
#1 /home/u50933/td-interstroy.ru/www/frmk/base/CApplication.php(184): CWebApplication->processRequest()
#2 /home/u50933/td-interstroy.ru/www/index.php(13): CApplication->run()
#3 {main}
REQUEST_URI=/wp-admin/install.php
---
2016/07/17 05:25:22 [error] [exception.CHttpException.404] exception 'CHttpException' with message 'Невозможно обработать запрос ".git/info/refs".' in /home/u50933/td-interstroy.ru/www/frmk/web/CWebApplication.php:286
Stack trace:
#0 /home/u50933/td-interstroy.ru/www/frmk/web/CWebApplication.php(141): CWebApplication->runController('.git/info/refs')
#1 /home/u50933/td-interstroy.ru/www/frmk/base/CApplication.php(184): CWebApplication->processRequest()
#2 /home/u50933/td-interstroy.ru/www/index.php(13): CApplication->run()
#3 {main}
REQUEST_URI=/.git/info/refs?service=git-upload-pack
---
2016/07/20 08:34:46 [error] [exception.CHttpException.404] exception 'CHttpException' with message 'Невозможно обработать запрос "xmlrpc.php".' in /home/u50933/td-interstroy.ru/www/frmk/web/CWebApplication.php:286
Stack trace:
#0 /home/u50933/td-interstroy.ru/www/frmk/web/CWebApplication.php(141): CWebApplication->runController('xmlrpc.php')
#1 /home/u50933/td-interstroy.ru/www/frmk/base/CApplication.php(184): CWebApplication->processRequest()
#2 /home/u50933/td-interstroy.ru/www/index.php(13): CApplication->run()
#3 {main}
REQUEST_URI=/xmlrpc.php?rsd
---
2016/07/20 08:34:46 [error] [exception.CHttpException.404] exception 'CHttpException' with message 'Невозможно обработать запрос "blog/robots.txt".' in /home/u50933/td-interstroy.ru/www/frmk/web/CWebApplication.php:286
Stack trace:
#0 /home/u50933/td-interstroy.ru/www/frmk/web/CWebApplication.php(141): CWebApplication->runController('blog/robots.txt')
#1 /home/u50933/td-interstroy.ru/www/frmk/base/CApplication.php(184): CWebApplication->processRequest()
#2 /home/u50933/td-interstroy.ru/www/index.php(13): CApplication->run()
#3 {main}
REQUEST_URI=/blog/robots.txt
---
2016/07/20 08:34:46 [error] [exception.CHttpException.404] exception 'CHttpException' with message 'Невозможно обработать запрос "blog".' in /home/u50933/td-interstroy.ru/www/frmk/web/CWebApplication.php:286
Stack trace:
#0 /home/u50933/td-interstroy.ru/www/frmk/web/CWebApplication.php(141): CWebApplication->runController('blog')
#1 /home/u50933/td-interstroy.ru/www/frmk/base/CApplication.php(184): CWebApplication->processRequest()
#2 /home/u50933/td-interstroy.ru/www/index.php(13): CApplication->run()
#3 {main}
REQUEST_URI=/blog/
---
2016/07/20 08:34:47 [error] [exception.CHttpException.404] exception 'CHttpException' with message 'Невозможно обработать запрос "wordpress".' in /home/u50933/td-interstroy.ru/www/frmk/web/CWebApplication.php:286
Stack trace:
#0 /home/u50933/td-interstroy.ru/www/frmk/web/CWebApplication.php(141): CWebApplication->runController('wordpress')
#1 /home/u50933/td-interstroy.ru/www/frmk/base/CApplication.php(184): CWebApplication->processRequest()
#2 /home/u50933/td-interstroy.ru/www/index.php(13): CApplication->run()
#3 {main}
REQUEST_URI=/wordpress/
---
2016/07/20 08:34:49 [error] [exception.CHttpException.404] exception 'CHttpException' with message 'Невозможно обработать запрос "wp".' in /home/u50933/td-interstroy.ru/www/frmk/web/CWebApplication.php:286
Stack trace:
#0 /home/u50933/td-interstroy.ru/www/frmk/web/CWebApplication.php(141): CWebApplication->runController('wp')
#1 /home/u50933/td-interstroy.ru/www/frmk/base/CApplication.php(184): CWebApplication->processRequest()
#2 /home/u50933/td-interstroy.ru/www/index.php(13): CApplication->run()
#3 {main}
REQUEST_URI=/wp/
---
2016/07/20 15:27:30 [error] [exception.CHttpException.404] exception 'CHttpException' with message 'Невозможно обработать запрос "xmlrpc.php".' in /home/u50933/td-interstroy.ru/www/frmk/web/CWebApplication.php:286
Stack trace:
#0 /home/u50933/td-interstroy.ru/www/frmk/web/CWebApplication.php(141): CWebApplication->runController('xmlrpc.php')
#1 /home/u50933/td-interstroy.ru/www/frmk/base/CApplication.php(184): CWebApplication->processRequest()
#2 /home/u50933/td-interstroy.ru/www/index.php(13): CApplication->run()
#3 {main}
REQUEST_URI=/xmlrpc.php?rsd
---
2016/07/20 15:27:30 [error] [exception.CHttpException.404] exception 'CHttpException' with message 'Невозможно обработать запрос "blog/robots.txt".' in /home/u50933/td-interstroy.ru/www/frmk/web/CWebApplication.php:286
Stack trace:
#0 /home/u50933/td-interstroy.ru/www/frmk/web/CWebApplication.php(141): CWebApplication->runController('blog/robots.txt')
#1 /home/u50933/td-interstroy.ru/www/frmk/base/CApplication.php(184): CWebApplication->processRequest()
#2 /home/u50933/td-interstroy.ru/www/index.php(13): CApplication->run()
#3 {main}
REQUEST_URI=/blog/robots.txt
---
2016/07/20 15:27:30 [error] [exception.CHttpException.404] exception 'CHttpException' with message 'Невозможно обработать запрос "blog".' in /home/u50933/td-interstroy.ru/www/frmk/web/CWebApplication.php:286
Stack trace:
#0 /home/u50933/td-interstroy.ru/www/frmk/web/CWebApplication.php(141): CWebApplication->runController('blog')
#1 /home/u50933/td-interstroy.ru/www/frmk/base/CApplication.php(184): CWebApplication->processRequest()
#2 /home/u50933/td-interstroy.ru/www/index.php(13): CApplication->run()
#3 {main}
REQUEST_URI=/blog/
---
2016/07/20 15:27:30 [error] [exception.CHttpException.404] exception 'CHttpException' with message 'Невозможно обработать запрос "wordpress".' in /home/u50933/td-interstroy.ru/www/frmk/web/CWebApplication.php:286
Stack trace:
#0 /home/u50933/td-interstroy.ru/www/frmk/web/CWebApplication.php(141): CWebApplication->runController('wordpress')
#1 /home/u50933/td-interstroy.ru/www/frmk/base/CApplication.php(184): CWebApplication->processRequest()
#2 /home/u50933/td-interstroy.ru/www/index.php(13): CApplication->run()
#3 {main}
REQUEST_URI=/wordpress/
---
2016/07/20 15:27:30 [error] [exception.CHttpException.404] exception 'CHttpException' with message 'Невозможно обработать запрос "wp".' in /home/u50933/td-interstroy.ru/www/frmk/web/CWebApplication.php:286
Stack trace:
#0 /home/u50933/td-interstroy.ru/www/frmk/web/CWebApplication.php(141): CWebApplication->runController('wp')
#1 /home/u50933/td-interstroy.ru/www/frmk/base/CApplication.php(184): CWebApplication->processRequest()
#2 /home/u50933/td-interstroy.ru/www/index.php(13): CApplication->run()
#3 {main}
REQUEST_URI=/wp/
---
2016/07/21 19:28:09 [error] [exception.CHttpException.404] exception 'CHttpException' with message 'Невозможно обработать запрос "wp-content/plugins/gravityforms/js/gravityforms.js".' in /home/u50933/td-interstroy.ru/www/frmk/web/CWebApplication.php:286
Stack trace:
#0 /home/u50933/td-interstroy.ru/www/frmk/web/CWebApplication.php(141): CWebApplication->runController('wp-content/plug...')
#1 /home/u50933/td-interstroy.ru/www/frmk/base/CApplication.php(184): CWebApplication->processRequest()
#2 /home/u50933/td-interstroy.ru/www/index.php(13): CApplication->run()
#3 {main}
REQUEST_URI=/wp-content/plugins/gravityforms/js/gravityforms.js
---
2016/07/21 22:27:11 [error] [exception.CHttpException.404] exception 'CHttpException' with message 'Невозможно обработать запрос "xmlrpc.php".' in /home/u50933/td-interstroy.ru/www/frmk/web/CWebApplication.php:286
Stack trace:
#0 /home/u50933/td-interstroy.ru/www/frmk/web/CWebApplication.php(141): CWebApplication->runController('xmlrpc.php')
#1 /home/u50933/td-interstroy.ru/www/frmk/base/CApplication.php(184): CWebApplication->processRequest()
#2 /home/u50933/td-interstroy.ru/www/index.php(13): CApplication->run()
#3 {main}
REQUEST_URI=/xmlrpc.php?rsd
---
2016/07/21 22:27:11 [error] [exception.CHttpException.404] exception 'CHttpException' with message 'Невозможно обработать запрос "blog/robots.txt".' in /home/u50933/td-interstroy.ru/www/frmk/web/CWebApplication.php:286
Stack trace:
#0 /home/u50933/td-interstroy.ru/www/frmk/web/CWebApplication.php(141): CWebApplication->runController('blog/robots.txt')
#1 /home/u50933/td-interstroy.ru/www/frmk/base/CApplication.php(184): CWebApplication->processRequest()
#2 /home/u50933/td-interstroy.ru/www/index.php(13): CApplication->run()
#3 {main}
REQUEST_URI=/blog/robots.txt
---
2016/07/21 22:27:11 [error] [exception.CHttpException.404] exception 'CHttpException' with message 'Невозможно обработать запрос "blog".' in /home/u50933/td-interstroy.ru/www/frmk/web/CWebApplication.php:286
Stack trace:
#0 /home/u50933/td-interstroy.ru/www/frmk/web/CWebApplication.php(141): CWebApplication->runController('blog')
#1 /home/u50933/td-interstroy.ru/www/frmk/base/CApplication.php(184): CWebApplication->processRequest()
#2 /home/u50933/td-interstroy.ru/www/index.php(13): CApplication->run()
#3 {main}
REQUEST_URI=/blog/
---
2016/07/21 22:27:11 [error] [exception.CHttpException.404] exception 'CHttpException' with message 'Невозможно обработать запрос "wordpress".' in /home/u50933/td-interstroy.ru/www/frmk/web/CWebApplication.php:286
Stack trace:
#0 /home/u50933/td-interstroy.ru/www/frmk/web/CWebApplication.php(141): CWebApplication->runController('wordpress')
#1 /home/u50933/td-interstroy.ru/www/frmk/base/CApplication.php(184): CWebApplication->processRequest()
#2 /home/u50933/td-interstroy.ru/www/index.php(13): CApplication->run()
#3 {main}
REQUEST_URI=/wordpress/
---
2016/07/21 22:27:11 [error] [exception.CHttpException.404] exception 'CHttpException' with message 'Невозможно обработать запрос "wp".' in /home/u50933/td-interstroy.ru/www/frmk/web/CWebApplication.php:286
Stack trace:
#0 /home/u50933/td-interstroy.ru/www/frmk/web/CWebApplication.php(141): CWebApplication->runController('wp')
#1 /home/u50933/td-interstroy.ru/www/frmk/base/CApplication.php(184): CWebApplication->processRequest()
#2 /home/u50933/td-interstroy.ru/www/index.php(13): CApplication->run()
#3 {main}
REQUEST_URI=/wp/
---
2016/07/22 10:58:06 [error] [exception.CHttpException.404] exception 'CHttpException' with message 'Невозможно обработать запрос "xmlrpc.php".' in /home/u50933/td-interstroy.ru/www/frmk/web/CWebApplication.php:286
Stack trace:
#0 /home/u50933/td-interstroy.ru/www/frmk/web/CWebApplication.php(141): CWebApplication->runController('xmlrpc.php')
#1 /home/u50933/td-interstroy.ru/www/frmk/base/CApplication.php(184): CWebApplication->processRequest()
#2 /home/u50933/td-interstroy.ru/www/index.php(13): CApplication->run()
#3 {main}
REQUEST_URI=/xmlrpc.php?rsd
---
2016/07/22 10:58:06 [error] [exception.CHttpException.404] exception 'CHttpException' with message 'Невозможно обработать запрос "blog/robots.txt".' in /home/u50933/td-interstroy.ru/www/frmk/web/CWebApplication.php:286
Stack trace:
#0 /home/u50933/td-interstroy.ru/www/frmk/web/CWebApplication.php(141): CWebApplication->runController('blog/robots.txt')
#1 /home/u50933/td-interstroy.ru/www/frmk/base/CApplication.php(184): CWebApplication->processRequest()
#2 /home/u50933/td-interstroy.ru/www/index.php(13): CApplication->run()
#3 {main}
REQUEST_URI=/blog/robots.txt
---
2016/07/22 10:58:07 [error] [exception.CHttpException.404] exception 'CHttpException' with message 'Невозможно обработать запрос "blog".' in /home/u50933/td-interstroy.ru/www/frmk/web/CWebApplication.php:286
Stack trace:
#0 /home/u50933/td-interstroy.ru/www/frmk/web/CWebApplication.php(141): CWebApplication->runController('blog')
#1 /home/u50933/td-interstroy.ru/www/frmk/base/CApplication.php(184): CWebApplication->processRequest()
#2 /home/u50933/td-interstroy.ru/www/index.php(13): CApplication->run()
#3 {main}
REQUEST_URI=/blog/
---
2016/07/22 10:58:07 [error] [exception.CHttpException.404] exception 'CHttpException' with message 'Невозможно обработать запрос "wordpress".' in /home/u50933/td-interstroy.ru/www/frmk/web/CWebApplication.php:286
Stack trace:
#0 /home/u50933/td-interstroy.ru/www/frmk/web/CWebApplication.php(141): CWebApplication->runController('wordpress')
#1 /home/u50933/td-interstroy.ru/www/frmk/base/CApplication.php(184): CWebApplication->processRequest()
#2 /home/u50933/td-interstroy.ru/www/index.php(13): CApplication->run()
#3 {main}
REQUEST_URI=/wordpress/
---
2016/07/22 10:58:07 [error] [exception.CHttpException.404] exception 'CHttpException' with message 'Невозможно обработать запрос "wp".' in /home/u50933/td-interstroy.ru/www/frmk/web/CWebApplication.php:286
Stack trace:
#0 /home/u50933/td-interstroy.ru/www/frmk/web/CWebApplication.php(141): CWebApplication->runController('wp')
#1 /home/u50933/td-interstroy.ru/www/frmk/base/CApplication.php(184): CWebApplication->processRequest()
#2 /home/u50933/td-interstroy.ru/www/index.php(13): CApplication->run()
#3 {main}
REQUEST_URI=/wp/
---
2016/07/24 01:32:07 [error] [exception.CHttpException.404] exception 'CHttpException' with message 'Невозможно обработать запрос "license.php".' in /home/u50933/td-interstroy.ru/www/frmk/web/CWebApplication.php:286
Stack trace:
#0 /home/u50933/td-interstroy.ru/www/frmk/web/CWebApplication.php(141): CWebApplication->runController('license.php')
#1 /home/u50933/td-interstroy.ru/www/frmk/base/CApplication.php(184): CWebApplication->processRequest()
#2 /home/u50933/td-interstroy.ru/www/index.php(13): CApplication->run()
#3 {main}
REQUEST_URI=/license.php
---
2016/07/25 06:10:26 [error] [exception.CHttpException.404] exception 'CHttpException' with message 'Невозможно обработать запрос "wp-content/themes/purevision/sliders/swfobject.js".' in /home/u50933/td-interstroy.ru/www/frmk/web/CWebApplication.php:286
Stack trace:
#0 /home/u50933/td-interstroy.ru/www/frmk/web/CWebApplication.php(141): CWebApplication->runController('wp-content/them...')
#1 /home/u50933/td-interstroy.ru/www/frmk/base/CApplication.php(184): CWebApplication->processRequest()
#2 /home/u50933/td-interstroy.ru/www/index.php(13): CApplication->run()
#3 {main}
REQUEST_URI=/wp-content/themes/purevision/sliders/swfobject.js
---
2016/07/26 15:56:37 [error] [exception.CHttpException.404] exception 'CHttpException' with message 'Невозможно обработать запрос "/bitrix/admin/index.php".' in /home/u50933/td-interstroy.ru/www/frmk/web/CWebApplication.php:286
Stack trace:
#0 /home/u50933/td-interstroy.ru/www/frmk/web/CWebApplication.php(141): CWebApplication->runController('/bitrix/admin/i...')
#1 /home/u50933/td-interstroy.ru/www/frmk/base/CApplication.php(184): CWebApplication->processRequest()
#2 /home/u50933/td-interstroy.ru/www/index.php(13): CApplication->run()
#3 {main}
REQUEST_URI=//bitrix/admin/index.php?lang=en
---
2016/07/26 15:56:37 [error] [exception.CHttpException.404] exception 'CHttpException' with message 'Невозможно обработать запрос "/admin/index.php".' in /home/u50933/td-interstroy.ru/www/frmk/web/CWebApplication.php:286
Stack trace:
#0 /home/u50933/td-interstroy.ru/www/frmk/web/CWebApplication.php(141): CWebApplication->runController('/admin/index.ph...')
#1 /home/u50933/td-interstroy.ru/www/frmk/base/CApplication.php(184): CWebApplication->processRequest()
#2 /home/u50933/td-interstroy.ru/www/index.php(13): CApplication->run()
#3 {main}
REQUEST_URI=//admin/index.php
---
2016/07/26 21:15:36 [error] [exception.CHttpException.404] exception 'CHttpException' with message 'Невозможно обработать запрос "blog".' in /home/u50933/td-interstroy.ru/www/frmk/web/CWebApplication.php:286
Stack trace:
#0 /home/u50933/td-interstroy.ru/www/frmk/web/CWebApplication.php(141): CWebApplication->runController('blog')
#1 /home/u50933/td-interstroy.ru/www/frmk/base/CApplication.php(184): CWebApplication->processRequest()
#2 /home/u50933/td-interstroy.ru/www/index.php(13): CApplication->run()
#3 {main}
REQUEST_URI=/blog/
HTTP_REFERER=http://td-interstroy.ru/blog/
---
2016/07/29 01:25:28 [error] [exception.CHttpException.404] exception 'CHttpException' with message 'Невозможно обработать запрос "stats".' in /home/u50933/td-interstroy.ru/www/frmk/web/CWebApplication.php:286
Stack trace:
#0 /home/u50933/td-interstroy.ru/www/frmk/web/CWebApplication.php(141): CWebApplication->runController('stats')
#1 /home/u50933/td-interstroy.ru/www/frmk/base/CApplication.php(184): CWebApplication->processRequest()
#2 /home/u50933/td-interstroy.ru/www/index.php(13): CApplication->run()
#3 {main}
REQUEST_URI=/stats/
HTTP_REFERER=http://TD-INTERSTROY.RU/stats/
---
2016/07/29 18:15:36 [error] [exception.CHttpException.404] exception 'CHttpException' with message 'Невозможно обработать запрос "wp-content/plugins/wysija-newsletters/js/tinymce/tiny_mce.js".' in /home/u50933/td-interstroy.ru/www/frmk/web/CWebApplication.php:286
Stack trace:
#0 /home/u50933/td-interstroy.ru/www/frmk/web/CWebApplication.php(141): CWebApplication->runController('wp-content/plug...')
#1 /home/u50933/td-interstroy.ru/www/frmk/base/CApplication.php(184): CWebApplication->processRequest()
#2 /home/u50933/td-interstroy.ru/www/index.php(13): CApplication->run()
#3 {main}
REQUEST_URI=/wp-content/plugins/wysija-newsletters/js/tinymce/tiny_mce.js
---
2017/01/20 16:16:34 [error] [exception.CHttpException.404] exception 'CHttpException' with message 'Невозможно обработать запрос "browserconfig.xml".' in C:\OpenServer\domains\interstroy.ms1\frmk\web\CWebApplication.php:286
Stack trace:
#0 C:\OpenServer\domains\interstroy.ms1\frmk\web\CWebApplication.php(141): CWebApplication->runController('browserconfig.x...')
#1 C:\OpenServer\domains\interstroy.ms1\frmk\base\CApplication.php(184): CWebApplication->processRequest()
#2 C:\OpenServer\domains\interstroy.ms1\index.php(13): CApplication->run()
#3 {main}
REQUEST_URI=/browserconfig.xml
---
2017/04/11 14:47:10 [error] [exception.CHttpException.404] exception 'CHttpException' with message 'Невозможно обработать запрос "bs/hh.php".' in C:\OpenServer\domains\interstroy.ms1\frmk\web\CWebApplication.php:286
Stack trace:
#0 C:\OpenServer\domains\interstroy.ms1\frmk\web\CWebApplication.php(141): CWebApplication->runController('bs/hh.php')
#1 C:\OpenServer\domains\interstroy.ms1\frmk\base\CApplication.php(184): CWebApplication->processRequest()
#2 C:\OpenServer\domains\interstroy.ms1\index.php(13): CApplication->run()
#3 {main}
REQUEST_URI=/bs/hh.php
---
2017/05/25 17:02:51 [error] [exception.CHttpException.404] exception 'CHttpException' with message 'Невозможно обработать запрос "bs/catalog/nasosyi".' in C:\OpenServer\domains\interstroy.ms1\frmk\web\CWebApplication.php:286
Stack trace:
#0 C:\OpenServer\domains\interstroy.ms1\frmk\web\CWebApplication.php(141): CWebApplication->runController('bs/catalog/naso...')
#1 C:\OpenServer\domains\interstroy.ms1\frmk\base\CApplication.php(184): CWebApplication->processRequest()
#2 C:\OpenServer\domains\interstroy.ms1\index.php(13): CApplication->run()
#3 {main}
REQUEST_URI=/bs/catalog/nasosyi
HTTP_REFERER=http://interstroy.ms1/bs/index.html
---
2017/05/25 18:04:55 [error] [exception.CHttpException.404] exception 'CHttpException' with message 'Невозможно обработать запрос "bs/catalog/oborudovanie-dlya-neftebaz".' in C:\OpenServer\domains\interstroy.ms1\frmk\web\CWebApplication.php:286
Stack trace:
#0 C:\OpenServer\domains\interstroy.ms1\frmk\web\CWebApplication.php(141): CWebApplication->runController('bs/catalog/obor...')
#1 C:\OpenServer\domains\interstroy.ms1\frmk\base\CApplication.php(184): CWebApplication->processRequest()
#2 C:\OpenServer\domains\interstroy.ms1\index.php(13): CApplication->run()
#3 {main}
REQUEST_URI=/bs/catalog/oborudovanie-dlya-neftebaz
HTTP_REFERER=http://interstroy.ms1/bs/index.html
---
2017/06/01 11:04:39 [error] [exception.CHttpException.404] exception 'CHttpException' with message 'Невозможно обработать запрос "bs/imdex.html".' in C:\OpenServer\domains\interstroy.ms1\frmk\web\CWebApplication.php:286
Stack trace:
#0 C:\OpenServer\domains\interstroy.ms1\frmk\web\CWebApplication.php(141): CWebApplication->runController('bs/imdex.html')
#1 C:\OpenServer\domains\interstroy.ms1\frmk\base\CApplication.php(184): CWebApplication->processRequest()
#2 C:\OpenServer\domains\interstroy.ms1\index.php(13): CApplication->run()
#3 {main}
REQUEST_URI=/bs/imdex.html
---
2017/06/02 10:49:48 [error] [exception.CHttpException.404] exception 'CHttpException' with message 'Невозможно обработать запрос "bs/catalog/vodozabornaya-kolonka/kolonka-vodorazbornaya-ezhektornaya-kv-4".' in C:\OpenServer\domains\interstroy.ms1\frmk\web\CWebApplication.php:286
Stack trace:
#0 C:\OpenServer\domains\interstroy.ms1\frmk\web\CWebApplication.php(141): CWebApplication->runController('bs/catalog/vodo...')
#1 C:\OpenServer\domains\interstroy.ms1\frmk\base\CApplication.php(184): CWebApplication->processRequest()
#2 C:\OpenServer\domains\interstroy.ms1\index.php(13): CApplication->run()
#3 {main}
REQUEST_URI=/bs/catalog/vodozabornaya-kolonka/kolonka-vodorazbornaya-ezhektornaya-kv-4
HTTP_REFERER=http://interstroy.ms1/bs/rubric.html
---
2019/03/19 11:02:10 [error] [exception.CDbException] SQLSTATE[HY000] [1049] Unknown database 'u50933_inter'
2019/03/19 11:02:10 [error] [exception.CDbException] CDbException: CDbConnection failed to open the DB connection. in C:\OpenServer\domains\interstroy.ms1\frmk\db\CDbConnection.php:405
Stack trace:
#0 C:\OpenServer\domains\interstroy.ms1\frmk\db\CDbConnection.php(347): CDbConnection->open()
#1 C:\OpenServer\domains\interstroy.ms1\frmk\db\CDbConnection.php(325): CDbConnection->setActive(true)
#2 C:\OpenServer\domains\interstroy.ms1\frmk\base\CModule.php(394): CDbConnection->init()
#3 C:\OpenServer\domains\interstroy.ms1\frmk\base\CApplication.php(458): CModule->getComponent('db')
#4 C:\OpenServer\domains\interstroy.ms1\frmk\db\ar\CActiveRecord.php(637): CApplication->getDb()
#5 C:\OpenServer\domains\interstroy.ms1\frmk\db\ar\CActiveRecord.php(670): CActiveRecord->getDbConnection()
#6 C:\OpenServer\domains\interstroy.ms1\frmk\db\ar\CActiveRecord.php(1474): CActiveRecord->getCommandBuilder()
#7 C:\OpenServer\domains\interstroy.ms1\protected\controllers\SiteController.php(16): CActiveRecord->findAll(Object(CDbCriteria))
#8 C:\OpenServer\domains\interstroy.ms1\frmk\web\actions\CInlineAction.php(49): SiteController->actionIndex()
#9 C:\OpenServer\domains\interstroy.ms1\frmk\web\CController.php(308): CInlineAction->runWithParams(Array)
#10 C:\OpenServer\domains\interstroy.ms1\frmk\web\CController.php(286): CController->runAction(Object(CInlineAction))
#11 C:\OpenServer\domains\interstroy.ms1\frmk\web\CController.php(265): CController->runActionWithFilters(Object(CInlineAction), Array)
#12 C:\OpenServer\domains\interstroy.ms1\frmk\web\CWebApplication.php(282): CController->run('index')
#13 C:\OpenServer\domains\interstroy.ms1\frmk\web\CWebApplication.php(141): CWebApplication->runController('site/index')
#14 C:\OpenServer\domains\interstroy.ms1\frmk\base\CApplication.php(184): CWebApplication->processRequest()
#15 C:\OpenServer\domains\interstroy.ms1\index.php(13): CApplication->run()
#16 {main}
REQUEST_URI=/
---
2019/03/19 11:02:18 [error] [exception.CDbException] SQLSTATE[HY000] [1049] Unknown database 'u50933_inter'
2019/03/19 11:02:18 [error] [exception.CDbException] CDbException: CDbConnection failed to open the DB connection. in C:\OpenServer\domains\interstroy.ms1\frmk\db\CDbConnection.php:405
Stack trace:
#0 C:\OpenServer\domains\interstroy.ms1\frmk\db\CDbConnection.php(347): CDbConnection->open()
#1 C:\OpenServer\domains\interstroy.ms1\frmk\db\CDbConnection.php(325): CDbConnection->setActive(true)
#2 C:\OpenServer\domains\interstroy.ms1\frmk\base\CModule.php(394): CDbConnection->init()
#3 C:\OpenServer\domains\interstroy.ms1\frmk\base\CApplication.php(458): CModule->getComponent('db')
#4 C:\OpenServer\domains\interstroy.ms1\frmk\db\ar\CActiveRecord.php(637): CApplication->getDb()
#5 C:\OpenServer\domains\interstroy.ms1\frmk\db\ar\CActiveRecord.php(670): CActiveRecord->getDbConnection()
#6 C:\OpenServer\domains\interstroy.ms1\frmk\db\ar\CActiveRecord.php(1474): CActiveRecord->getCommandBuilder()
#7 C:\OpenServer\domains\interstroy.ms1\protected\controllers\SiteController.php(16): CActiveRecord->findAll(Object(CDbCriteria))
#8 C:\OpenServer\domains\interstroy.ms1\frmk\web\actions\CInlineAction.php(49): SiteController->actionIndex()
#9 C:\OpenServer\domains\interstroy.ms1\frmk\web\CController.php(308): CInlineAction->runWithParams(Array)
#10 C:\OpenServer\domains\interstroy.ms1\frmk\web\CController.php(286): CController->runAction(Object(CInlineAction))
#11 C:\OpenServer\domains\interstroy.ms1\frmk\web\CController.php(265): CController->runActionWithFilters(Object(CInlineAction), Array)
#12 C:\OpenServer\domains\interstroy.ms1\frmk\web\CWebApplication.php(282): CController->run('index')
#13 C:\OpenServer\domains\interstroy.ms1\frmk\web\CWebApplication.php(141): CWebApplication->runController('site/index')
#14 C:\OpenServer\domains\interstroy.ms1\frmk\base\CApplication.php(184): CWebApplication->processRequest()
#15 C:\OpenServer\domains\interstroy.ms1\index.php(13): CApplication->run()
#16 {main}
REQUEST_URI=/
---
